{"numTotalTestSuites":1,"numPassedTestSuites":1,"numFailedTestSuites":0,"numPendingTestSuites":0,"numTotalTests":1,"numPassedTests":1,"numFailedTests":0,"numPendingTests":0,"numTodoTests":0,"snapshot":{"added":0,"failure":false,"filesAdded":0,"filesRemoved":0,"filesRemovedList":[],"filesUnmatched":0,"filesUpdated":0,"matched":0,"total":0,"unchecked":0,"uncheckedKeysByFile":[],"unmatched":0,"updated":0,"didUpdate":false},"startTime":1732286990959,"success":true,"testResults":[{"assertionResults":[{"ancestorTitles":[],"fullName":"renders Vite + React and the count button works","status":"passed","title":"renders Vite + React and the count button works","duration":247.34309999999823,"failureMessages":[],"meta":{}}],"startTime":1732287084807,"endTime":1732287085054.343,"status":"passed","message":"","name":"D:/ENSA/GI3/AI/Project/projet-ai-front-test/src/App.test.jsx"}]}